[Licensing::Module] Trying to connect to existing licensing client channel...
Built from '6000.3/staging' branch; Version is '6000.3.2f1 (a9779f353c9b) revision 11106207'; Using compiler version '194234433'; Build Type 'Release'
[Licensing::IpcConnector] Successfully connected to: "LicenseClient-yaury" at "2025-12-18T21:33:11.9790669Z"
OS: 'Windows 11  (10.0.26200) 64bit Core' Language: 'de' Physical Memory: 16167 MB
BatchMode: 1, IsHumanControllingUs: 0, StartBugReporterOnCrash: 0, Is64bit: 1
Date: 2025-12-18T21:33:11Z

COMMAND LINE ARGUMENTS:
C:\Program Files\Unity\Hub\Editor\6000.3.2f1\Editor\Unity.exe
-adb2
-batchMode
-noUpm
-name
AssetImportWorker0
-projectPath
C:/Users/yaury/OneDrive/Desktop/java/NewProject/Jungle Run 2D
-logFile
Logs/AssetImportWorker0.log
-srvPort
49225
-job-worker-count
3
-background-job-worker-count
8
-gc-helper-count
1
-name
AssetImport
Successfully changed project path to: C:/Users/yaury/OneDrive/Desktop/java/NewProject/Jungle Run 2D
C:/Users/yaury/OneDrive/Desktop/java/NewProject/Jungle Run 2D
[UnityMemory] Configuration Parameters - Can be set up in boot.config
    "memorysetup-temp-allocator-size-nav-mesh-worker=65536"
    "memorysetup-temp-allocator-size-audio-worker=65536"
    "memorysetup-temp-allocator-size-gfx=262144"
    "memorysetup-allocator-temp-initial-block-size-main=262144"
    "memorysetup-allocator-temp-initial-block-size-worker=262144"
    "memorysetup-temp-allocator-size-background-worker=32768"
    "memorysetup-temp-allocator-size-job-worker=262144"
    "memorysetup-temp-allocator-size-preload-manager=33554432"
    "memorysetup-temp-allocator-size-gi-baking-worker=262144"
    "memorysetup-temp-allocator-size-gi-baking-worker=262144"
    "memorysetup-temp-allocator-size-gi-baking-worker=262144"
    "memorysetup-temp-allocator-size-gi-baking-worker=262144"
    "memorysetup-temp-allocator-size-gi-baking-worker=262144"
    "memorysetup-bucket-allocator-granularity=16"
    "memorysetup-bucket-allocator-bucket-count=8"
    "memorysetup-bucket-allocator-block-size=33554432"
    "memorysetup-bucket-allocator-block-count=8"
    "memorysetup-main-allocator-block-size=16777216"
    "memorysetup-thread-allocator-block-size=16777216"
    "memorysetup-gfx-main-allocator-block-size=16777216"
    "memorysetup-gfx-thread-allocator-block-size=16777216"
    "memorysetup-cache-allocator-block-size=4194304"
    "memorysetup-typetree-allocator-block-size=2097152"
    "memorysetup-profiler-bucket-allocator-granularity=16"
    "memorysetup-profiler-bucket-allocator-bucket-count=8"
    "memorysetup-profiler-bucket-allocator-block-size=33554432"
    "memorysetup-profiler-bucket-allocator-block-count=8"
    "memorysetup-profiler-allocator-block-size=16777216"
    "memorysetup-profiler-editor-allocator-block-size=1048576"
    "memorysetup-temp-allocator-size-main=16777216"
    "memorysetup-job-temp-allocator-block-size=2097152"
    "memorysetup-job-temp-allocator-block-size-background=1048576"
    "memorysetup-job-temp-allocator-reduction-small-platforms=262144"
    "memorysetup-temp-allocator-size-cloud-worker=32768"
Player connection [2644]  Target information:

Player connection [2644]  * "[IP] 10.5.0.2 [Port] 0 [Flags] 2 [Guid] 2275384020 [EditorId] 2275384020 [Version] 1048832 [Id] WindowsEditor(7,Yaury) [Debug] 1 [PackageName] WindowsEditor [ProjectName] Editor" 

Player connection [2644]  * "[IP] 192.168.178.23 [Port] 0 [Flags] 2 [Guid] 2275384020 [EditorId] 2275384020 [Version] 1048832 [Id] WindowsEditor(7,Yaury) [Debug] 1 [PackageName] WindowsEditor [ProjectName] Editor" 

Player connection [2644] Host joined multi-casting on [225.0.0.222:54997]...
Player connection [2644] Host joined alternative multi-casting on [225.0.0.222:34997]...
JobSystem: Creating JobQueue using job-worker-count value 3
Input System module state changed to: Initialized.
[Physics::Module] Initialized fallback backend.
[Physics::Module] Id: 0xdecafbad
Library Redirect Path: Library/
[Physics::Module] Selected backend.
[Physics::Module] Name: PhysX
[Physics::Module] Id: 0xf2b8ea05
[Physics::Module] SDK Version: 4.1.2
[Physics::Module] Integration Version: 1.0.0
[Physics::Module] Threading Mode: Multi-Threaded
Refreshing native plugins compatible for Editor in 7.73 ms, found 4 plugins.
Preloading 0 native plugins for Editor in 0.00 ms.
Initialize engine version: 6000.3.2f1 (a9779f353c9b)
[Subsystems] Discovering subsystems at path C:/Program Files/Unity/Hub/Editor/6000.3.2f1/Editor/Data/Resources/UnitySubsystems
[Subsystems] Discovering subsystems at path C:/Users/yaury/OneDrive/Desktop/java/NewProject/Jungle Run 2D/Assets
GfxDevice: creating device client; kGfxThreadingModeNonThreaded
Direct3D:
    Version:  Direct3D 11.0 [level 11.1]
    Renderer: Intel(R) Iris(R) Xe Graphics (ID=0x9a49)
    Vendor:   Intel
    VRAM:     8083 MB
    Driver:   30.0.100.9864
Initialize mono
Mono path[0] = 'C:/Program Files/Unity/Hub/Editor/6000.3.2f1/Editor/Data/Managed'
Mono path[1] = 'C:/Program Files/Unity/Hub/Editor/6000.3.2f1/Editor/Data/MonoBleedingEdge/lib/mono/unityjit-win32'
Mono config path = 'C:/Program Files/Unity/Hub/Editor/6000.3.2f1/Editor/Data/MonoBleedingEdge/etc'
Using monoOptions --debugger-agent=transport=dt_socket,embedding=1,server=y,suspend=n,address=127.0.0.1:56956
Begin MonoManager ReloadAssembly
Registering precompiled unity dll's ...
Register platform support module: C:/Program Files/Unity/Hub/Editor/6000.3.2f1/Editor/Data/PlaybackEngines/WebGLSupport/UnityEditor.WebGL.Extensions.dll
Register platform support module: C:/Program Files/Unity/Hub/Editor/6000.3.2f1/Editor/Data/PlaybackEngines/WindowsStandaloneSupport/UnityEditor.WindowsStandalone.Extensions.dll
Registered in 0.016467 seconds.
- Loaded All Assemblies, in  1.225 seconds
[Licensing::Client] Handshaking with LicensingClient:
  Version:                 1.17.4+4293ba1
  Session Id:              06f1dcd3ead448768717dc0370821b4e
  Correlation Id:          9c999f24bf0628b1f9f5c32410ce3110
  External correlation Id: 8536517287150917622
  Machine Id:              mIIXWLLXCBEmODvzpxfRdpJI8mQ=
[Licensing::Module] Successfully connected to LicensingClient on channel: "LicenseClient-yaury" (connect: 0.00s, validation: 0.00s, handshake: 2.17s)
[Licensing::IpcConnector] Successfully connected to: "LicenseClient-yaury-notifications" at "2025-12-18T21:33:14.1566532Z"
[Licensing::Module] Licensing Background thread has ended after 2.18s
Native extension for WindowsStandalone target not found
Native extension for WebGL target not found
Mono: successfully reloaded assembly
- Finished resetting the current domain, in  1.257 seconds
Domain Reload Profiling: 2470ms
	BeginReloadAssembly (251ms)
		ExecutionOrderSort (0ms)
		DisableScriptedObjects (0ms)
		BackupInstance (0ms)
		ReleaseScriptingObjects (0ms)
		CreateAndSetChildDomain (1ms)
	RebuildCommonClasses (97ms)
	RebuildNativeTypeToScriptingClass (39ms)
	initialDomainReloadingComplete (138ms)
	LoadAllAssembliesAndSetupDomain (687ms)
		LoadAssemblies (243ms)
		RebuildTransferFunctionScriptingTraits (0ms)
		AnalyzeDomain (673ms)
			TypeCache.Refresh (670ms)
				TypeCache.ScanAssembly (625ms)
			BuildScriptInfoCaches (0ms)
			ResolveRequiredComponents (1ms)
	FinalizeReload (1258ms)
		ReleaseScriptCaches (0ms)
		RebuildScriptCaches (0ms)
		SetupLoadedEditorAssemblies (1132ms)
			LogAssemblyErrors (0ms)
			InitializePlatformSupportModulesInManaged (124ms)
			SetLoadedEditorAssemblies (8ms)
			BeforeProcessingInitializeOnLoad (450ms)
			ProcessInitializeOnLoadAttributes (382ms)
			ProcessInitializeOnLoadMethodAttributes (166ms)
			AfterProcessingInitializeOnLoad (0ms)
			EditorAssembliesLoaded (1ms)
		ExecutionOrderSort2 (0ms)
		AwakeInstancesAfterBackupRestoration (0ms)
========================================================================
Worker process is ready to serve import requests
Import Worker Mode flag is 0x00
Begin MonoManager ReloadAssembly
[Licensing::Client] Successfully resolved entitlement details
[Licensing::Module] License group:
  Id: F4-ENAM-CNDJ-MB8G-32NP-XXXX
  Product: Unity Personal
  Type: ULF
  Expiration: Unlimited
- Loaded All Assemblies, in  1.799 seconds
Refreshing native plugins compatible for Editor in 2.33 ms, found 4 plugins.
Native extension for WindowsStandalone target not found
Native extension for WebGL target not found
Package Manager log level set to [2]
[Package Manager] Failed to launch server process. Reason: Unity was launched with the -noUpm command-line argument
[Package Manager] Unable to send message (not connected to server process).
[Package Manager] Cannot connect to Unity Package Manager local server
Mono: successfully reloaded assembly
- Finished resetting the current domain, in  1.610 seconds
Domain Reload Profiling: 3395ms
	BeginReloadAssembly (419ms)
		ExecutionOrderSort (0ms)
		DisableScriptedObjects (11ms)
		BackupInstance (0ms)
		ReleaseScriptingObjects (0ms)
		CreateAndSetChildDomain (62ms)
	RebuildCommonClasses (101ms)
	RebuildNativeTypeToScriptingClass (29ms)
	initialDomainReloadingComplete (85ms)
	LoadAllAssembliesAndSetupDomain (1151ms)
		LoadAssemblies (777ms)
		RebuildTransferFunctionScriptingTraits (0ms)
		AnalyzeDomain (620ms)
			TypeCache.Refresh (476ms)
				TypeCache.ScanAssembly (439ms)
			BuildScriptInfoCaches (117ms)
			ResolveRequiredComponents (19ms)
	FinalizeReload (1611ms)
		ReleaseScriptCaches (0ms)
		RebuildScriptCaches (0ms)
		SetupLoadedEditorAssemblies (1312ms)
			LogAssemblyErrors (0ms)
			InitializePlatformSupportModulesInManaged (4ms)
			SetLoadedEditorAssemblies (7ms)
			BeforeProcessingInitializeOnLoad (313ms)
			ProcessInitializeOnLoadAttributes (740ms)
			ProcessInitializeOnLoadMethodAttributes (234ms)
			AfterProcessingInitializeOnLoad (13ms)
			EditorAssembliesLoaded (0ms)
		ExecutionOrderSort2 (0ms)
		AwakeInstancesAfterBackupRestoration (12ms)
Launched and connected shader compiler UnityShaderCompiler.exe after 0.03 seconds
Refreshing native plugins compatible for Editor in 3.97 ms, found 4 plugins.
Preloading 0 native plugins for Editor in 0.00 ms.
Unloading 16 Unused Serialized files (Serialized files now loaded: 0)
Unloading 6871 unused Assets / (4.3 MB). Loaded Objects now: 7688.
Memory consumption went from 149.8 MB to 145.5 MB.
Total: 19.104300 ms (FindLiveObjects: 1.350900 ms CreateObjectMapping: 1.443400 ms MarkObjects: 11.290000 ms  DeleteObjects: 5.017200 ms)

========================================================================
Received Import Request.
  Time since last request: 3301.134666 seconds.
  path: Assets/DefaultVolumeProfile.asset
  artifactKey: Guid(3f9215ea0144899419cfbc0957140d3f) Importer(815301076,1909f56bfc062723c751e8b465ee728b)
Start importing Assets/DefaultVolumeProfile.asset using Guid(3f9215ea0144899419cfbc0957140d3f) Importer(815301076,1909f56bfc062723c751e8b465ee728b) (PreviewImporter) -> (artifact id: '1e3ee85287093c2e01e2184a29fd3edf') in 0.0439224 seconds
Number of updated asset objects reloaded before import = 4Number of asset objects unloaded after import = 0

========================================================================
Received Import Request.
  Time since last request: 0.000038 seconds.
  path: Assets/Settings/Lit2DSceneTemplate.scenetemplate
  artifactKey: Guid(d03ed43fc9d8a4f2e9fa70c1c7916eb9) Importer(2089858483,b0f066a214c2f5e87bad3c948f4d605d)
Start importing Assets/Settings/Lit2DSceneTemplate.scenetemplate using Guid(d03ed43fc9d8a4f2e9fa70c1c7916eb9) Importer(2089858483,b0f066a214c2f5e87bad3c948f4d605d) (ScriptedImporter) -> (artifact id: '1c5f5a1b87cd637e3501bdaba014d3bc') in 0.2933448 seconds
Number of updated asset objects reloaded before import = 0Number of asset objects unloaded after import = 3

========================================================================
Received Import Request.
  Time since last request: 0.000046 seconds.
  path: Assets/Scenes/SampleScene.unity
  artifactKey: Guid(8c9cfa26abfee488c85f1582747f6a02) Importer(2089858483,b0f066a214c2f5e87bad3c948f4d605d)
Start importing Assets/Scenes/SampleScene.unity using Guid(8c9cfa26abfee488c85f1582747f6a02) Importer(2089858483,b0f066a214c2f5e87bad3c948f4d605d) (ScriptedImporter) -> (artifact id: 'f8f5aed977384823b1ef672c4d662bfa') in 0.0095986 seconds
Number of updated asset objects reloaded before import = 0Number of asset objects unloaded after import = 1

========================================================================
Received Import Request.
  Time since last request: 0.000051 seconds.
  path: Assets/UniversalRenderPipelineGlobalSettings.asset
  artifactKey: Guid(93b439a37f63240aca3dd4e01d978a9f) Importer(815301076,1909f56bfc062723c751e8b465ee728b)
Start importing Assets/UniversalRenderPipelineGlobalSettings.asset using Guid(93b439a37f63240aca3dd4e01d978a9f) Importer(815301076,1909f56bfc062723c751e8b465ee728b) (PreviewImporter) -> (artifact id: 'e739b443783ec2c4e5541c839372ab54') in 0.0024098 seconds
Number of updated asset objects reloaded before import = 0Number of asset objects unloaded after import = 0

========================================================================
Received Import Request.
  Time since last request: 0.000025 seconds.
  path: Assets/InputSystem_Actions.inputactions
  artifactKey: Guid(2bcd2660ca9b64942af0de543d8d7100) Importer(2089858483,b0f066a214c2f5e87bad3c948f4d605d)
Start importing Assets/InputSystem_Actions.inputactions using Guid(2bcd2660ca9b64942af0de543d8d7100) Importer(2089858483,b0f066a214c2f5e87bad3c948f4d605d) (ScriptedImporter) -> (artifact id: '3fe43cee8d424e1cb9cb021a38875b1a') in 0.327461 seconds
Number of updated asset objects reloaded before import = 0Number of asset objects unloaded after import = 21

========================================================================
Received Import Request.
  Time since last request: 528.694846 seconds.
  path: Assets/GameStartScreen.png
  artifactKey: Guid(84e69fc13a95d234bbd13b4abf4cd9dc) Importer(815301076,1909f56bfc062723c751e8b465ee728b)
Start importing Assets/GameStartScreen.png using Guid(84e69fc13a95d234bbd13b4abf4cd9dc) Importer(815301076,1909f56bfc062723c751e8b465ee728b) (PreviewImporter) -> (artifact id: 'a0bdd1166516e3f04b065740d7568e31') in 0.2119373 seconds
Number of updated asset objects reloaded before import = 0Number of asset objects unloaded after import = 3

========================================================================
Received Import Request.
  Time since last request: 0.000117 seconds.
  path: Assets/Quit.png
  artifactKey: Guid(60fdccf00ee27d94b88923ba5e9dd01b) Importer(815301076,1909f56bfc062723c751e8b465ee728b)
Start importing Assets/Quit.png using Guid(60fdccf00ee27d94b88923ba5e9dd01b) Importer(815301076,1909f56bfc062723c751e8b465ee728b) (PreviewImporter) -> (artifact id: 'baf9fcd54a020d9cb7588da8b0eac201') in 0.0184629 seconds
Number of updated asset objects reloaded before import = 0Number of asset objects unloaded after import = 3

========================================================================
Received Import Request.
  Time since last request: 0.000041 seconds.
  path: Assets/Play Now.png
  artifactKey: Guid(729b66f1e9411a244ba710a3eccbaa4a) Importer(815301076,1909f56bfc062723c751e8b465ee728b)
Start importing Assets/Play Now.png using Guid(729b66f1e9411a244ba710a3eccbaa4a) Importer(815301076,1909f56bfc062723c751e8b465ee728b) (PreviewImporter) -> (artifact id: '67a9af6049f7f9982530a75e0dabaa82') in 0.0673077 seconds
Number of updated asset objects reloaded before import = 0Number of asset objects unloaded after import = 6

========================================================================
Received Import Request.
  Time since last request: 0.000046 seconds.
  path: Assets/PlayAgain.png
  artifactKey: Guid(05b6199bd44dfee4c8083c8ec52cd7cf) Importer(815301076,1909f56bfc062723c751e8b465ee728b)
Start importing Assets/PlayAgain.png using Guid(05b6199bd44dfee4c8083c8ec52cd7cf) Importer(815301076,1909f56bfc062723c751e8b465ee728b) (PreviewImporter) -> (artifact id: '06e1a5f41c4a797363d33ea2e92643ea') in 0.031819 seconds
Number of updated asset objects reloaded before import = 0Number of asset objects unloaded after import = 5

========================================================================
Received Import Request.
  Time since last request: 0.125980 seconds.
  path: Assets/Player.png
  artifactKey: Guid(19fc63cd749a4134e9bc320e40386b01) Importer(2089858483,b0f066a214c2f5e87bad3c948f4d605d)
Start importing Assets/Player.png using Guid(19fc63cd749a4134e9bc320e40386b01) Importer(2089858483,b0f066a214c2f5e87bad3c948f4d605d) (ScriptedImporter) -> (artifact id: '7288eb9a2eb7f73bc78455ff5c37d8ad') in 0.1285687 seconds
Number of updated asset objects reloaded before import = 0Number of asset objects unloaded after import = 23

========================================================================
Received Import Request.
  Time since last request: 0.000043 seconds.
  path: Assets/GameStartScreen.png
  artifactKey: Guid(84e69fc13a95d234bbd13b4abf4cd9dc) Importer(2089858483,b0f066a214c2f5e87bad3c948f4d605d)
Start importing Assets/GameStartScreen.png using Guid(84e69fc13a95d234bbd13b4abf4cd9dc) Importer(2089858483,b0f066a214c2f5e87bad3c948f4d605d) (ScriptedImporter) -> (artifact id: '53be4674f8cb4b034dea27c3cdd68664') in 0.0183383 seconds
Number of updated asset objects reloaded before import = 0Number of asset objects unloaded after import = 3

========================================================================
Received Import Request.
  Time since last request: 0.000054 seconds.
  path: Assets/CoinSprite.png
  artifactKey: Guid(065027b8ef0074846bb68abe81e7820d) Importer(2089858483,b0f066a214c2f5e87bad3c948f4d605d)
Start importing Assets/CoinSprite.png using Guid(065027b8ef0074846bb68abe81e7820d) Importer(2089858483,b0f066a214c2f5e87bad3c948f4d605d) (ScriptedImporter) -> (artifact id: '38e97c3404887283547189c5859a7970') in 0.0523499 seconds
Number of updated asset objects reloaded before import = 0Number of asset objects unloaded after import = 8

========================================================================
Received Import Request.
  Time since last request: 0.000021 seconds.
  path: Assets/Play Now.png
  artifactKey: Guid(729b66f1e9411a244ba710a3eccbaa4a) Importer(2089858483,b0f066a214c2f5e87bad3c948f4d605d)
Start importing Assets/Play Now.png using Guid(729b66f1e9411a244ba710a3eccbaa4a) Importer(2089858483,b0f066a214c2f5e87bad3c948f4d605d) (ScriptedImporter) -> (artifact id: 'd97b7dd007e7ee94847fe7c9a36583ac') in 0.020745 seconds
Number of updated asset objects reloaded before import = 0Number of asset objects unloaded after import = 6

========================================================================
Received Import Request.
  Time since last request: 0.000080 seconds.
  path: Assets/Avatar.png
  artifactKey: Guid(83712f5aa80271c4889f5aa9e6a8ae55) Importer(2089858483,b0f066a214c2f5e87bad3c948f4d605d)
Start importing Assets/Avatar.png using Guid(83712f5aa80271c4889f5aa9e6a8ae55) Importer(2089858483,b0f066a214c2f5e87bad3c948f4d605d) (ScriptedImporter) -> (artifact id: '6fcd6e2a94e9adad47da75ed859296e8') in 0.014076 seconds
Number of updated asset objects reloaded before import = 0Number of asset objects unloaded after import = 3

========================================================================
Received Import Request.
  Time since last request: 23.241870 seconds.
  path: Assets/GameOverBackground.png
  artifactKey: Guid(efcbb278b3254eb41809935c4af80780) Importer(815301076,1909f56bfc062723c751e8b465ee728b)
Start importing Assets/GameOverBackground.png using Guid(efcbb278b3254eb41809935c4af80780) Importer(815301076,1909f56bfc062723c751e8b465ee728b) (PreviewImporter) -> (artifact id: '7d93162968fbb9b31cef151e22bda400') in 0.0228914 seconds
Number of updated asset objects reloaded before import = 0Number of asset objects unloaded after import = 3

========================================================================
Received Import Request.
  Time since last request: 0.809230 seconds.
  path: Assets/Lourdes Regular.otf
  artifactKey: Guid(82fbfa5922af9ee48863e83e26578e15) Importer(2089858483,b0f066a214c2f5e87bad3c948f4d605d)
Start importing Assets/Lourdes Regular.otf using Guid(82fbfa5922af9ee48863e83e26578e15) Importer(2089858483,b0f066a214c2f5e87bad3c948f4d605d) (ScriptedImporter) -> (artifact id: 'f3b3ec9e8989d1291e22d7873842f747') in 0.0167636 seconds
Number of updated asset objects reloaded before import = 0Number of asset objects unloaded after import = 3

========================================================================
Received Import Request.
  Time since last request: 18.507679 seconds.
  path: Assets/JumpSound.wav
  artifactKey: Guid(d99552923aea00041bae8f7b1d116b1b) Importer(815301076,1909f56bfc062723c751e8b465ee728b)
Start importing Assets/JumpSound.wav using Guid(d99552923aea00041bae8f7b1d116b1b) Importer(815301076,1909f56bfc062723c751e8b465ee728b) (PreviewImporter) -> (artifact id: 'a2d32cb5791fd3a1f8f46dd911b70a3e') in 0.1010185 seconds
Number of updated asset objects reloaded before import = 0Number of asset objects unloaded after import = 2

========================================================================
Received Import Request.
  Time since last request: 0.774690 seconds.
  path: Assets/DeathSound.wav
  artifactKey: Guid(b6b21ce7337c5134892912492079cb70) Importer(2089858483,b0f066a214c2f5e87bad3c948f4d605d)
Start importing Assets/DeathSound.wav using Guid(b6b21ce7337c5134892912492079cb70) Importer(2089858483,b0f066a214c2f5e87bad3c948f4d605d) (ScriptedImporter) -> (artifact id: 'e4b234b4e2fc135f834a11c2b8fad22a') in 0.0309882 seconds
Number of updated asset objects reloaded before import = 0Number of asset objects unloaded after import = 1

========================================================================
Received Import Request.
  Time since last request: 0.000019 seconds.
  path: Assets/CoinPickSound.wav
  artifactKey: Guid(4f64ce8ec7e51fc4b88218a4b5881a00) Importer(2089858483,b0f066a214c2f5e87bad3c948f4d605d)
Start importing Assets/CoinPickSound.wav using Guid(4f64ce8ec7e51fc4b88218a4b5881a00) Importer(2089858483,b0f066a214c2f5e87bad3c948f4d605d) (ScriptedImporter) -> (artifact id: '643cf9e348c497c48ebf36a5545480a6') in 0.0300907 seconds
Number of updated asset objects reloaded before import = 0Number of asset objects unloaded after import = 1

========================================================================
Received Import Request.
  Time since last request: 3.615711 seconds.
  path: Assets/CoinPickSound.wav
  artifactKey: Guid(4f64ce8ec7e51fc4b88218a4b5881a00) Importer(815301076,1909f56bfc062723c751e8b465ee728b)
Start importing Assets/CoinPickSound.wav using Guid(4f64ce8ec7e51fc4b88218a4b5881a00) Importer(815301076,1909f56bfc062723c751e8b465ee728b) (PreviewImporter) -> (artifact id: 'da44b39e66f07262894176ff416e4a00') in 0.0122608 seconds
Number of updated asset objects reloaded before import = 0Number of asset objects unloaded after import = 2

========================================================================
Received Import Request.
  Time since last request: 0.000030 seconds.
  path: Assets/DeathSound.wav
  artifactKey: Guid(b6b21ce7337c5134892912492079cb70) Importer(815301076,1909f56bfc062723c751e8b465ee728b)
Start importing Assets/DeathSound.wav using Guid(b6b21ce7337c5134892912492079cb70) Importer(815301076,1909f56bfc062723c751e8b465ee728b) (PreviewImporter) -> (artifact id: '0f78ba5b3f033de2a7157c65c7ab8d0c') in 0.0106806 seconds
Number of updated asset objects reloaded before import = 0Number of asset objects unloaded after import = 2

========================================================================
Received Import Request.
  Time since last request: 0.808911 seconds.
  path: Assets/Avatar.png
  artifactKey: Guid(83712f5aa80271c4889f5aa9e6a8ae55) Importer(815301076,1909f56bfc062723c751e8b465ee728b)
Start importing Assets/Avatar.png using Guid(83712f5aa80271c4889f5aa9e6a8ae55) Importer(815301076,1909f56bfc062723c751e8b465ee728b) (PreviewImporter) -> (artifact id: '74db82d24e7ee6639c02099649c3b6be') in 0.0230621 seconds
Number of updated asset objects reloaded before import = 0Number of asset objects unloaded after import = 3

========================================================================
Received Import Request.
  Time since last request: 127.211814 seconds.
  path: Assets/Avatar.png
  artifactKey: Guid(83712f5aa80271c4889f5aa9e6a8ae55) Importer(815301076,1909f56bfc062723c751e8b465ee728b)
Start importing Assets/Avatar.png using Guid(83712f5aa80271c4889f5aa9e6a8ae55) Importer(815301076,1909f56bfc062723c751e8b465ee728b) (PreviewImporter) -> (artifact id: '9dbb2d1ce047252305cd96699915840c') in 0.0250904 seconds
Number of updated asset objects reloaded before import = 0Number of asset objects unloaded after import = 3

========================================================================
Received Import Request.
  Time since last request: 0.863424 seconds.
  path: Assets/Avatar.png
  artifactKey: Guid(83712f5aa80271c4889f5aa9e6a8ae55) Importer(2089858483,b0f066a214c2f5e87bad3c948f4d605d)
Start importing Assets/Avatar.png using Guid(83712f5aa80271c4889f5aa9e6a8ae55) Importer(2089858483,b0f066a214c2f5e87bad3c948f4d605d) (ScriptedImporter) -> (artifact id: '2dd80497ef665c29492a1bfa04f78e8c') in 0.0173881 seconds
Number of updated asset objects reloaded before import = 0Number of asset objects unloaded after import = 3

========================================================================
Received Import Request.
  Time since last request: 68.204667 seconds.
  path: Assets/Player.png
  artifactKey: Guid(19fc63cd749a4134e9bc320e40386b01) Importer(815301076,1909f56bfc062723c751e8b465ee728b)
Start importing Assets/Player.png using Guid(19fc63cd749a4134e9bc320e40386b01) Importer(815301076,1909f56bfc062723c751e8b465ee728b) (PreviewImporter) -> (artifact id: '718ca7f8dfcc3adf9b7426dbe276b4b1') in 0.1179506 seconds
Number of updated asset objects reloaded before import = 0Number of asset objects unloaded after import = 23

========================================================================
Received Import Request.
  Time since last request: 0.803462 seconds.
  path: Assets/Player.png
  artifactKey: Guid(19fc63cd749a4134e9bc320e40386b01) Importer(2089858483,b0f066a214c2f5e87bad3c948f4d605d)
Start importing Assets/Player.png using Guid(19fc63cd749a4134e9bc320e40386b01) Importer(2089858483,b0f066a214c2f5e87bad3c948f4d605d) (ScriptedImporter) -> (artifact id: '10d2d9bae4735d8beb02bf7a60d81058') in 0.0424907 seconds
Number of updated asset objects reloaded before import = 0Number of asset objects unloaded after import = 23

========================================================================
Received Import Request.
  Time since last request: 150.244129 seconds.
  path: Assets/Player.png
  artifactKey: Guid(19fc63cd749a4134e9bc320e40386b01) Importer(815301076,1909f56bfc062723c751e8b465ee728b)
Start importing Assets/Player.png using Guid(19fc63cd749a4134e9bc320e40386b01) Importer(815301076,1909f56bfc062723c751e8b465ee728b) (PreviewImporter) -> (artifact id: '857f8e51317c191fa6f28e2d34aeab54') in 0.1243204 seconds
Number of updated asset objects reloaded before import = 0Number of asset objects unloaded after import = 18

========================================================================
Received Import Request.
  Time since last request: 0.759443 seconds.
  path: Assets/Player.png
  artifactKey: Guid(19fc63cd749a4134e9bc320e40386b01) Importer(2089858483,b0f066a214c2f5e87bad3c948f4d605d)
Start importing Assets/Player.png using Guid(19fc63cd749a4134e9bc320e40386b01) Importer(2089858483,b0f066a214c2f5e87bad3c948f4d605d) (ScriptedImporter) -> (artifact id: '7ae78067dda670a2bcd198c62d519523') in 0.0623089 seconds
Number of updated asset objects reloaded before import = 0Number of asset objects unloaded after import = 18

========================================================================
Received Import Request.
  Time since last request: 126.390671 seconds.
  path: Assets/Player.png
  artifactKey: Guid(19fc63cd749a4134e9bc320e40386b01) Importer(815301076,1909f56bfc062723c751e8b465ee728b)
Start importing Assets/Player.png using Guid(19fc63cd749a4134e9bc320e40386b01) Importer(815301076,1909f56bfc062723c751e8b465ee728b) (PreviewImporter) -> (artifact id: '140e97ba387b41acc26e3b937788de30') in 0.0916527 seconds
Number of updated asset objects reloaded before import = 0Number of asset objects unloaded after import = 18

========================================================================
Received Import Request.
  Time since last request: 0.788628 seconds.
  path: Assets/Player.png
  artifactKey: Guid(19fc63cd749a4134e9bc320e40386b01) Importer(2089858483,b0f066a214c2f5e87bad3c948f4d605d)
Start importing Assets/Player.png using Guid(19fc63cd749a4134e9bc320e40386b01) Importer(2089858483,b0f066a214c2f5e87bad3c948f4d605d) (ScriptedImporter) -> (artifact id: '21f939f0c42464c0a28aecc004a99130') in 0.0328726 seconds
Number of updated asset objects reloaded before import = 0Number of asset objects unloaded after import = 18

========================================================================
Received Import Request.
  Time since last request: 245.824663 seconds.
  path: Assets/Player.png
  artifactKey: Guid(19fc63cd749a4134e9bc320e40386b01) Importer(815301076,1909f56bfc062723c751e8b465ee728b)
Start importing Assets/Player.png using Guid(19fc63cd749a4134e9bc320e40386b01) Importer(815301076,1909f56bfc062723c751e8b465ee728b) (PreviewImporter) -> (artifact id: 'ccffd09a0fc48220345abdcba0dbcae2') in 0.1384497 seconds
Number of updated asset objects reloaded before import = 0Number of asset objects unloaded after import = 24

========================================================================
Received Import Request.
  Time since last request: 0.682492 seconds.
  path: Assets/Player.png
  artifactKey: Guid(19fc63cd749a4134e9bc320e40386b01) Importer(2089858483,b0f066a214c2f5e87bad3c948f4d605d)
Start importing Assets/Player.png using Guid(19fc63cd749a4134e9bc320e40386b01) Importer(2089858483,b0f066a214c2f5e87bad3c948f4d605d) (ScriptedImporter) -> (artifact id: '210d6daf036440a5c745413a46c86a0f') in 0.0311016 seconds
Number of updated asset objects reloaded before import = 0Number of asset objects unloaded after import = 24

